<?xml version="1.0" encoding="UTF-8"?>
<testsuite name="com.app.server.service.appbasicsetup.userrolemanagement.UserRoleBridgeTestCase" tests="7" skipped="0" failures="0" errors="0" timestamp="2016-06-03T09:32:27" hostname="6fd8a43124f6" time="0.143">
  <properties/>
  <testcase name="test1Save" classname="com.app.server.service.appbasicsetup.userrolemanagement.UserRoleBridgeTestCase" time="0.074"/>
  <testcase name="test2Update" classname="com.app.server.service.appbasicsetup.userrolemanagement.UserRoleBridgeTestCase" time="0.012"/>
  <testcase name="test3FindById" classname="com.app.server.service.appbasicsetup.userrolemanagement.UserRoleBridgeTestCase" time="0.006"/>
  <testcase name="test3findByroleId" classname="com.app.server.service.appbasicsetup.userrolemanagement.UserRoleBridgeTestCase" time="0.006"/>
  <testcase name="test3findByuserId" classname="com.app.server.service.appbasicsetup.userrolemanagement.UserRoleBridgeTestCase" time="0.007"/>
  <testcase name="test5NegativeTesting" classname="com.app.server.service.appbasicsetup.userrolemanagement.UserRoleBridgeTestCase" time="0.004"/>
  <testcase name="test6Delete" classname="com.app.server.service.appbasicsetup.userrolemanagement.UserRoleBridgeTestCase" time="0.034"/>
  <system-out><![CDATA[Fri Jun 03 09:32:27 UTC 2016|Log Manager Factory|Initialization Process started.....
Fri Jun 03 09:32:27 UTC 2016|Log Manager|Initialized with Path = [/home/applifire/workspace/apptest/src/main/webapp/WEB-INF/conf]
Fri Jun 03 09:32:27 UTC 2016|Alarm Manager|Initialized with Path = [/home/applifire/workspace/apptest/src/main/webapp/WEB-INF/conf]
Fri Jun 03 09:32:27 UTC 2016|Alarm Manager|Loading Alarms ......
Fri Jun 03 09:32:27 UTC 2016|Alarm XML Parser|FWA|XML Parsing Complete........ 
Fri Jun 03 09:32:27 UTC 2016|Alarm File Manager|FWA|Alarm File Status.. [ApplicationFrameworkAlarms.xml]|Version=15|Status=Done 
Fri Jun 03 09:32:27 UTC 2016|Alarm File Manager|FWA|Alarm Stats = ( BC/AL=4/564 SYS=4/10 [564/0]  TPL=0/0 [0/0]  APP= A.Map=[645]  E.Map EC/RC=[238/66] )
Fri Jun 03 09:32:27 UTC 2016|Alarm XML Parser|APP|XML Parsing Complete........ 
Fri Jun 03 09:32:27 UTC 2016|Alarm File Manager|APP|Alarm File Status.. [ApplicationAlarms.xml]|Version=1|Status=Done 
Fri Jun 03 09:32:27 UTC 2016|Alarm File Manager|APP|Alarm Stats = ( BC/AL=4/564 SYS=4/10 [564/0]  TPL=0/0 [0/0]  APP=0/0 [0/0]  A.Map=[645]  E.Map EC/RC=[238/66] )
Fri Jun 03 09:32:27 UTC 2016|ApplicationAlarmContext| <><><><><> Create App Alarms ....  <><><><><> 
Fri Jun 03 09:32:27 UTC 2016|ApplicationAlarmContext|Alarms are generated ONLY in Development Mode.. 
Fri Jun 03 09:32:27 UTC 2016|Alarm Manager|APP|Alarm Stats = ( BC/AL=4/564 SYS=4/10 [564/0]  TPL=0/0 [0/0]  APP=0/0 [0/0]  A.Map=[645]  E.Map EC/RC=[238/66] )
Fri Jun 03 09:32:27 UTC 2016|Alarm Manager|Initialized Exception Lookup...
Fri Jun 03 09:32:27 UTC 2016|Log Manager|Initialize Log Config File ......
Fri Jun 03 09:32:27 UTC 2016|Pluggable Connectors|Adding Connectors : StandardOutputConnector isEnabled=true isDefault=false isFallBack=true
Fri Jun 03 09:32:27 UTC 2016|Pluggable Connectors|Adding Connectors : StandardFileConnector isEnabled=true isDefault=false isFallBack=false
Fri Jun 03 09:32:27 UTC 2016|Pluggable Connectors|Adding Connectors : Sprinkler isEnabled=true isDefault=true isFallBack=false
Fri Jun 03 09:32:27 UTC 2016|Pluggable Connectors|Default Connector Name : com.spartan.logger.core.LogMessenger
Fri Jun 03 09:32:27 UTC 2016|Log Config Parser|Connector Least Log Level =[4]  FallBack Log Level =[3]
Fri Jun 03 09:32:27 UTC 2016|Log Manager|Loading Default Connector for Logging ......
Fri Jun 03 09:32:27 UTC 2016|Log Manager|Loading class .. com.spartan.logger.core.LogMessenger
Fri Jun 03 09:32:27 UTC 2016|Plugggable Connector|Connector class com.spartan.logger.core.LogMessenger Initialized... @ Log Level = 3
Fri Jun 03 09:32:27 UTC 2016|Log Manager|Starting the Default Connector [com.spartan.logger.core.LogMessenger@224d18c6] ....
Fri Jun 03 09:32:27 UTC 2016|Scheduler|Starting the Scheduler ......
Fri Jun 03 09:32:27 UTC 2016|Scheduler|Adding [LMID=[04f0acf4-d912-40d9-8513-b11470490b74]] Delay=5 Time Unit=MINUTES
Fri Jun 03 09:32:27 UTC 2016|Scheduler|Adding [App Alarm Manager File=[ApplicationAlarms.xml]] Delay=30 Time Unit=MINUTES
Fri Jun 03 09:32:27 UTC 2016|Scheduler|Adding [FW Alarm Manager File=[ApplicationFrameworkAlarms.xml]] Delay=3 Time Unit=MINUTES
Fri Jun 03 09:32:27 UTC 2016|Scheduler|Startup Completed..
Fri Jun 03 09:32:27 UTC 2016|Log Manager|Initialization Process Complete ......
Fri Jun 03 09:32:27 UTC 2016|Log Manager Factory|Log Manager READY! ID = 04f0acf4-d912-40d9-8513-b11470490b74
[EL Fine]: sql: 2016-06-03 09:32:27.855--ClientSession(1857812775)--Connection(1079998197)--Thread(Thread[Test worker,5,main])--INSERT INTO ast_Roles_T (roleId, RoleDescription, roleHelp, RoleIcon, RoleName, versionId, createdBy, createdDate, updatedBy, updatedDate, activeStatus, txnAccessCode) VALUES (?, ?, ?, ?, ?, ?, ?, ?, ?, ?, ?, ?)
	bind => [1BC48313-DC96-4AF7-9CAF-6F1DDFB37AAF, XVM7318MZuDkoADbz0uTGlUKMKGkZSRv0Rbpl1T8ZYFVqA9aG5, GKkOPFl593S9ap7eYuIJo21bfNImGWxbgXY6dj4INWljODSqBH, FiGrpXqnDVvouqj6rwRaCr8vtKsR5YZGdv2Y2zQP1iUeqZEkBA, DkepCBg2hO4NSjLnpgW1ErCLpVkENNZIhOXAXNLaOy8D64hFez, 1, AAAAA, 2016-06-03 09:32:27.85, AAAAA, 2016-06-03 09:32:27.85, 1, 51000]
[EL Fine]: sql: 2016-06-03 09:32:27.862--ClientSession(1656928086)--Connection(1079998197)--Thread(Thread[Test worker,5,main])--INSERT INTO ast_UserAccessLevel_M (userAccessLevelId, levelDescription, levelHelp, levelIcon, levelName, userAccessLevel, versionId, createdBy, createdDate, updatedBy, updatedDate, activeStatus, txnAccessCode) VALUES (?, ?, ?, ?, ?, ?, ?, ?, ?, ?, ?, ?, ?)
	bind => [27E5771A-4C5C-46A8-B3B3-3AB03D90DB47, IR3mAZUL7Fqh0uFILYqZLj8DMhfrvPqzFRcphKBwhTUB20ZuUu, QIdw3yWaTfQbjQNI6K6nxuIpgVGPes2AkIWnSJN2yVT9yiTzMT, 9kHncPdDkOUwOTsrmQgiKimKJQP5sLJsbtUbdk5YccLBAuOK5v, 8Sop8WDHqJkY0uFLuLNQ25XJNl8IisjKxzApWTBpFRLVNKDiiq, 85726, 1, AAAAA, 2016-06-03 09:32:27.858, AAAAA, 2016-06-03 09:32:27.858, 1, 51000]
[EL Fine]: sql: 2016-06-03 09:32:27.869--ClientSession(2028315714)--Connection(1079998197)--Thread(Thread[Test worker,5,main])--INSERT INTO ast_UserAccessDomain_M (userAccessDomainId, domainDescription, domainHelp, domainIcon, domainName, userAccessDomain, versionId, createdBy, createdDate, updatedBy, updatedDate, activeStatus, txnAccessCode) VALUES (?, ?, ?, ?, ?, ?, ?, ?, ?, ?, ?, ?, ?)
	bind => [7757ACE7-C2BB-4C4C-9492-109A75CE3164, AarGTFyh90DyY8E41csbneqEHA3V0UdAHhFGfvxRFvM9eskcuy, qFP8V5aMxs8ifzURkOnQsyj9MHJivSKCD4jTiTM781aioppd36, LBMTaKMpdNOptJl7eeRLsPVyR7MuDiLy88F5sSMxwQLxVtGi51, Wb1liALOSBP5wetMJvt9AMPgcZhOnnJQAGBgCUO8CJS5drPUyC, 97562, 1, AAAAA, 2016-06-03 09:32:27.865, AAAAA, 2016-06-03 09:32:27.865, 1, 51000]
[EL Fine]: sql: 2016-06-03 09:32:27.875--ClientSession(1826538567)--Connection(1079998197)--Thread(Thread[Test worker,5,main])--INSERT INTO ast_Question_M (questionId, levelid, question, questionDetails, questionIcon, versionId, createdBy, createdDate, updatedBy, updatedDate, activeStatus, txnAccessCode) VALUES (?, ?, ?, ?, ?, ?, ?, ?, ?, ?, ?, ?)
	bind => [C280A761-E8FE-4C79-B52C-C3A8B1A8CC43, 4, 2d58yL1dtPMzkwRQImH4y51qxkp2bNGeovkwYOPxBaIPbzS1UX, FfTmEAm6ud, xAxCDf4itXLSHXO2Zkcz5b51yfuDQPrIZbQbNOvLJTCDPbO7fi, 1, AAAAA, 2016-06-03 09:32:27.871, AAAAA, 2016-06-03 09:32:27.871, 1, 51000]
[EL Fine]: sql: 2016-06-03 09:32:27.884--ClientSession(1827369081)--Connection(1079998197)--Thread(Thread[Test worker,5,main])--INSERT INTO ast_User_T (userId, allowMultipleLogin, changePasswordNextLogin, genTempOneTimePassword, isDeleted, isLocked, lastPasswordChangeDate, multiFactorAuthEnabled, passwordAlgo, passwordExpiryDate, sessionTimeout, userAccessCode, userAccessDomainId, userAccessLevelId, versionId, createdBy, createdDate, updatedBy, updatedDate, activeStatus, txnAccessCode) VALUES (?, ?, ?, ?, ?, ?, ?, ?, ?, ?, ?, ?, ?, ?, ?, ?, ?, ?, ?, ?, ?)
	bind => [E8D40EB5-BFF0-4EF4-850B-FFDF52B70C40, 1, 1, 1, 1, 1, 2016-06-03 08:55:49.371, 1, 555deNr7NFBdz2Z34hXgBb2gF4g8wT7j8K9qwZmXQ34W7zmEz2, 2016-06-03 08:55:49.371, 529, 46859, 7757ACE7-C2BB-4C4C-9492-109A75CE3164, 27E5771A-4C5C-46A8-B3B3-3AB03D90DB47, 1, AAAAA, 2016-06-03 09:32:27.858, AAAAA, 2016-06-03 09:32:27.858, 1, 51000]
[EL Fine]: sql: 2016-06-03 09:32:27.885--ClientSession(1827369081)--Connection(1079998197)--Thread(Thread[Test worker,5,main])--INSERT INTO ast_PassRecovery_TP (passRecoveryId, answer, questionId, versionId, createdBy, createdDate, updatedBy, updatedDate, activeStatus, txnAccessCode, userId) VALUES (?, ?, ?, ?, ?, ?, ?, ?, ?, ?, ?)
	bind => [04BFF5D3-AD59-4911-B6B7-D9BF638085C5, XmFMd0dDl0hU2BT8CE83GSlvMMlplbvF6r0BRwiybeZE77GvGS, C280A761-E8FE-4C79-B52C-C3A8B1A8CC43, 1, AAAAA, 2016-06-03 09:32:27.871, AAAAA, 2016-06-03 09:32:27.871, 1, 51000, E8D40EB5-BFF0-4EF4-850B-FFDF52B70C40]
[EL Fine]: sql: 2016-06-03 09:32:27.886--ClientSession(1827369081)--Connection(1079998197)--Thread(Thread[Test worker,5,main])--INSERT INTO ast_UserData_TP (userDataId, last5Passwords, oneTimePassword, oneTimePasswordExpiry, oneTimePasswordGenDate, password, versionId, createdBy, createdDate, updatedBy, updatedDate, activeStatus, txnAccessCode, userId) VALUES (?, ?, ?, ?, ?, ?, ?, ?, ?, ?, ?, ?, ?, ?)
	bind => [642E34AE-82BD-470D-89C1-3F40A507DF14, CUxj9xw9DnYmMUdgnwgUsYZmk2fs2nZCQXKlNTg5Y5HNEV5cRT, tsyjJFMc8z0jnYBOvJHW3tBvasaU48Or, 8, 2016-06-03 08:55:49.809, oIbBcFOPYMhEyXEdtPCMFww5qXgarcv5I1pybphFuwy0LwyHi6, 1, AAAAA, 2016-06-03 09:32:27.878, AAAAA, 2016-06-03 09:32:27.878, 1, 51000, E8D40EB5-BFF0-4EF4-850B-FFDF52B70C40]
Setting logged in user info for ADD
[EL Fine]: sql: 2016-06-03 09:32:27.892--ClientSession(1864445992)--Connection(1079998197)--Thread(Thread[Test worker,5,main])--INSERT INTO ast_UserRoleBridge_T (roleUserMapId, roleId, userId, versionId, createdBy, createdDate, updatedBy, updatedDate, activeStatus, txnAccessCode) VALUES (?, ?, ?, ?, ?, ?, ?, ?, ?, ?)
	bind => [A598688A-7E8D-4759-B3E1-9B2B9ABEA375, 1BC48313-DC96-4AF7-9CAF-6F1DDFB37AAF, E8D40EB5-BFF0-4EF4-850B-FFDF52B70C40, 1, AAAAA, 2016-06-03 09:32:27.889, AAAAA, 2016-06-03 09:32:27.889, 1, 51000]
[EL Fine]: sql: 2016-06-03 09:32:27.905--ClientSession(378135371)--Connection(1079998197)--Thread(Thread[Test worker,5,main])--SELECT roleUserMapId, roleId, userId, versionId, createdBy, createdDate, updatedBy, updatedDate, activeStatus, txnAccessCode FROM ast_UserRoleBridge_T WHERE ((activeStatus = ?) AND (roleUserMapId = ?))
	bind => [1, A598688A-7E8D-4759-B3E1-9B2B9ABEA375]
Setting logged in user info for UPDATE
[EL Fine]: sql: 2016-06-03 09:32:27.909--ClientSession(269645400)--Connection(1079998197)--Thread(Thread[Test worker,5,main])--SELECT roleUserMapId, roleId, userId, versionId, createdBy, createdDate, updatedBy, updatedDate, activeStatus, txnAccessCode FROM ast_UserRoleBridge_T WHERE (roleUserMapId = ?)
	bind => [A598688A-7E8D-4759-B3E1-9B2B9ABEA375]
[EL Fine]: sql: 2016-06-03 09:32:27.916--ClientSession(886507955)--Connection(1079998197)--Thread(Thread[Test worker,5,main])--SELECT roleUserMapId, roleId, userId, versionId, createdBy, createdDate, updatedBy, updatedDate, activeStatus, txnAccessCode FROM ast_UserRoleBridge_T WHERE ((activeStatus = ?) AND (roleUserMapId = ?))
	bind => [1, A598688A-7E8D-4759-B3E1-9B2B9ABEA375]
[EL Fine]: sql: 2016-06-03 09:32:27.922--ClientSession(1684715011)--Connection(1079998197)--Thread(Thread[Test worker,5,main])--SELECT roleUserMapId, roleId, userId, versionId, createdBy, createdDate, updatedBy, updatedDate, activeStatus, txnAccessCode FROM ast_UserRoleBridge_T WHERE ((activeStatus = ?) AND (roleId = ?))
	bind => [1, 1BC48313-DC96-4AF7-9CAF-6F1DDFB37AAF]
[EL Fine]: sql: 2016-06-03 09:32:27.928--ClientSession(1415004700)--Connection(1079998197)--Thread(Thread[Test worker,5,main])--SELECT roleUserMapId, roleId, userId, versionId, createdBy, createdDate, updatedBy, updatedDate, activeStatus, txnAccessCode FROM ast_UserRoleBridge_T WHERE ((activeStatus = ?) AND (userId = ?))
	bind => [1, E8D40EB5-BFF0-4EF4-850B-FFDF52B70C40]
[EL Fine]: sql: 2016-06-03 09:32:27.938--ClientSession(1841870692)--Connection(1079998197)--Thread(Thread[Test worker,5,main])--SELECT roleUserMapId, roleId, userId, versionId, createdBy, createdDate, updatedBy, updatedDate, activeStatus, txnAccessCode FROM ast_UserRoleBridge_T WHERE (roleUserMapId = ?)
	bind => [A598688A-7E8D-4759-B3E1-9B2B9ABEA375]
[EL Fine]: sql: 2016-06-03 09:32:27.939--ClientSession(1841870692)--Connection(1079998197)--Thread(Thread[Test worker,5,main])--DELETE FROM ast_UserRoleBridge_T WHERE ((roleUserMapId = ?) AND (versionId = ?))
	bind => [A598688A-7E8D-4759-B3E1-9B2B9ABEA375, 1]
[EL Fine]: sql: 2016-06-03 09:32:27.943--ClientSession(1578209558)--Connection(1079998197)--Thread(Thread[Test worker,5,main])--SELECT userId, allowMultipleLogin, changePasswordNextLogin, genTempOneTimePassword, isDeleted, isLocked, lastPasswordChangeDate, multiFactorAuthEnabled, passwordAlgo, passwordExpiryDate, sessionTimeout, userAccessCode, userAccessDomainId, userAccessLevelId, versionId, createdBy, createdDate, updatedBy, updatedDate, activeStatus, txnAccessCode FROM ast_User_T WHERE (userId = ?)
	bind => [E8D40EB5-BFF0-4EF4-850B-FFDF52B70C40]
[EL Fine]: sql: 2016-06-03 09:32:27.944--ClientSession(1578209558)--Connection(1079998197)--Thread(Thread[Test worker,5,main])--SELECT userDataId, last5Passwords, oneTimePassword, oneTimePasswordExpiry, oneTimePasswordGenDate, password, versionId, createdBy, createdDate, updatedBy, updatedDate, activeStatus, txnAccessCode, userId FROM ast_UserData_TP WHERE (userId = ?)
	bind => [E8D40EB5-BFF0-4EF4-850B-FFDF52B70C40]
[EL Fine]: sql: 2016-06-03 09:32:27.945--ClientSession(1578209558)--Connection(1079998197)--Thread(Thread[Test worker,5,main])--SELECT passRecoveryId, answer, questionId, versionId, createdBy, createdDate, updatedBy, updatedDate, activeStatus, txnAccessCode, userId FROM ast_PassRecovery_TP WHERE (userId = ?)
	bind => [E8D40EB5-BFF0-4EF4-850B-FFDF52B70C40]
[EL Fine]: sql: 2016-06-03 09:32:27.946--ClientSession(1578209558)--Connection(1079998197)--Thread(Thread[Test worker,5,main])--DELETE FROM ast_UserData_TP WHERE ((userDataId = ?) AND (versionId = ?))
	bind => [642E34AE-82BD-470D-89C1-3F40A507DF14, 1]
[EL Fine]: sql: 2016-06-03 09:32:27.947--ClientSession(1578209558)--Connection(1079998197)--Thread(Thread[Test worker,5,main])--DELETE FROM ast_PassRecovery_TP WHERE ((passRecoveryId = ?) AND (versionId = ?))
	bind => [04BFF5D3-AD59-4911-B6B7-D9BF638085C5, 1]
[EL Fine]: sql: 2016-06-03 09:32:27.948--ClientSession(1578209558)--Connection(1079998197)--Thread(Thread[Test worker,5,main])--DELETE FROM ast_User_T WHERE ((userId = ?) AND (versionId = ?))
	bind => [E8D40EB5-BFF0-4EF4-850B-FFDF52B70C40, 1]
[EL Fine]: sql: 2016-06-03 09:32:27.95--ClientSession(1128022481)--Connection(1079998197)--Thread(Thread[Test worker,5,main])--SELECT questionId, levelid, question, questionDetails, questionIcon, versionId, createdBy, createdDate, updatedBy, updatedDate, activeStatus, txnAccessCode FROM ast_Question_M WHERE (questionId = ?)
	bind => [C280A761-E8FE-4C79-B52C-C3A8B1A8CC43]
[EL Fine]: sql: 2016-06-03 09:32:27.951--ClientSession(1128022481)--Connection(1079998197)--Thread(Thread[Test worker,5,main])--DELETE FROM ast_Question_M WHERE ((questionId = ?) AND (versionId = ?))
	bind => [C280A761-E8FE-4C79-B52C-C3A8B1A8CC43, 1]
[EL Fine]: sql: 2016-06-03 09:32:27.954--ClientSession(744520275)--Connection(1079998197)--Thread(Thread[Test worker,5,main])--SELECT userAccessDomainId, domainDescription, domainHelp, domainIcon, domainName, userAccessDomain, versionId, createdBy, createdDate, updatedBy, updatedDate, activeStatus, txnAccessCode FROM ast_UserAccessDomain_M WHERE (userAccessDomainId = ?)
	bind => [7757ACE7-C2BB-4C4C-9492-109A75CE3164]
[EL Fine]: sql: 2016-06-03 09:32:27.955--ClientSession(744520275)--Connection(1079998197)--Thread(Thread[Test worker,5,main])--DELETE FROM ast_UserAccessDomain_M WHERE ((userAccessDomainId = ?) AND (versionId = ?))
	bind => [7757ACE7-C2BB-4C4C-9492-109A75CE3164, 1]
[EL Fine]: sql: 2016-06-03 09:32:27.958--ClientSession(420523416)--Connection(1079998197)--Thread(Thread[Test worker,5,main])--SELECT userAccessLevelId, levelDescription, levelHelp, levelIcon, levelName, userAccessLevel, versionId, createdBy, createdDate, updatedBy, updatedDate, activeStatus, txnAccessCode FROM ast_UserAccessLevel_M WHERE (userAccessLevelId = ?)
	bind => [27E5771A-4C5C-46A8-B3B3-3AB03D90DB47]
[EL Fine]: sql: 2016-06-03 09:32:27.959--ClientSession(420523416)--Connection(1079998197)--Thread(Thread[Test worker,5,main])--DELETE FROM ast_UserAccessLevel_M WHERE ((userAccessLevelId = ?) AND (versionId = ?))
	bind => [27E5771A-4C5C-46A8-B3B3-3AB03D90DB47, 1]
[EL Fine]: sql: 2016-06-03 09:32:27.963--ClientSession(1625995150)--Connection(1079998197)--Thread(Thread[Test worker,5,main])--SELECT roleId, RoleDescription, roleHelp, RoleIcon, RoleName, versionId, createdBy, createdDate, updatedBy, updatedDate, activeStatus, txnAccessCode FROM ast_Roles_T WHERE (roleId = ?)
	bind => [1BC48313-DC96-4AF7-9CAF-6F1DDFB37AAF]
[EL Fine]: sql: 2016-06-03 09:32:27.964--ClientSession(1625995150)--Connection(1079998197)--Thread(Thread[Test worker,5,main])--SELECT roleMenuMapId, isExecute, isRead, isWrite, menuId, versionId, createdBy, createdDate, updatedBy, updatedDate, activeStatus, txnAccessCode, roleId FROM ast_RoleMenuBridge_TP WHERE (roleId = ?)
	bind => [1BC48313-DC96-4AF7-9CAF-6F1DDFB37AAF]
[EL Fine]: sql: 2016-06-03 09:32:27.965--ClientSession(1625995150)--Connection(1079998197)--Thread(Thread[Test worker,5,main])--DELETE FROM ast_Roles_T WHERE ((roleId = ?) AND (versionId = ?))
	bind => [1BC48313-DC96-4AF7-9CAF-6F1DDFB37AAF, 1]
]]></system-out>
  <system-err><![CDATA[]]></system-err>
</testsuite>
